<?xml version="1.0" encoding="UTF-8"?>
<!-- Generated by org.testng.reporters.JUnitReportReporter -->
<testsuite name="cleartriptest.Firstflow" tests="1" time="10.464" ignored="1" failures="0" timestamp="19 Feb 2017 09:15:41 GMT" skipped="0" hostname="DESKTOP-LBVS045" errors="0">
  <testcase name="testhomepage" time="10.464" classname="cleartriptest.Firstflow"/>
  <testcase name="Booktrip" classname="cleartriptest.Firstflow">
    <skipped/>
  </testcase> <!-- Booktrip -->
</testsuite> <!-- cleartriptest.Firstflow -->
