<?xml version="1.0" encoding="UTF-8"?>
<!-- Generated by org.testng.reporters.JUnitReportReporter -->
<testsuite name="cleartriptest.Firstflow" tests="1" time="31.228" ignored="0" failures="0" timestamp="19 Feb 2017 07:12:53 GMT" skipped="0" hostname="DESKTOP-LBVS045" errors="0">
  <testcase name="Booktrip" time="31.228" classname="cleartriptest.Firstflow"/>
</testsuite> <!-- cleartriptest.Firstflow -->
